Determining if the pthread_create exist failed with the following output:
Change Dir: /home/ubuntu/workspace/build/externals/build_googletest/CMakeFiles/CMakeTmp

Run Build Command:/usr/bin/make "cmTryCompileExec57561981/fast"
/usr/bin/make -f CMakeFiles/cmTryCompileExec57561981.dir/build.make CMakeFiles/cmTryCompileExec57561981.dir/build
make[1]: Entering directory `/home/ubuntu/workspace/build/externals/build_googletest/CMakeFiles/CMakeTmp'
/usr/bin/cmake -E cmake_progress_report /home/ubuntu/workspace/build/externals/build_googletest/CMakeFiles/CMakeTmp/CMakeFiles 1
Building C object CMakeFiles/cmTryCompileExec57561981.dir/CheckSymbolExists.c.o
/usr/bin/cc    -o CMakeFiles/cmTryCompileExec57561981.dir/CheckSymbolExists.c.o   -c /home/ubuntu/workspace/build/externals/build_googletest/CMakeFiles/CMakeTmp/CheckSymbolExists.c
Linking C executable cmTryCompileExec57561981
/usr/bin/cmake -E cmake_link_script CMakeFiles/cmTryCompileExec57561981.dir/link.txt --verbose=1
/usr/bin/cc       CMakeFiles/cmTryCompileExec57561981.dir/CheckSymbolExists.c.o  -o cmTryCompileExec57561981 -rdynamic 
CMakeFiles/cmTryCompileExec57561981.dir/CheckSymbolExists.c.o: In function `main':
CheckSymbolExists.c:(.text+0x16): undefined reference to `pthread_create'
collect2: error: ld returned 1 exit status
make[1]: *** [cmTryCompileExec57561981] Error 1
make[1]: Leaving directory `/home/ubuntu/workspace/build/externals/build_googletest/CMakeFiles/CMakeTmp'
make: *** [cmTryCompileExec57561981/fast] Error 2

File /home/ubuntu/workspace/build/externals/build_googletest/CMakeFiles/CMakeTmp/CheckSymbolExists.c:
/* */
#include <pthread.h>

int main(int argc, char** argv)
{
  (void)argv;
#ifndef pthread_create
  return ((int*)(&pthread_create))[argc];
#else
  (void)argc;
  return 0;
#endif
}

Determining if the function pthread_create exists in the pthreads failed with the following output:
Change Dir: /home/ubuntu/workspace/build/externals/build_googletest/CMakeFiles/CMakeTmp

Run Build Command:/usr/bin/make "cmTryCompileExec3226975435/fast"
/usr/bin/make -f CMakeFiles/cmTryCompileExec3226975435.dir/build.make CMakeFiles/cmTryCompileExec3226975435.dir/build
make[1]: Entering directory `/home/ubuntu/workspace/build/externals/build_googletest/CMakeFiles/CMakeTmp'
/usr/bin/cmake -E cmake_progress_report /home/ubuntu/workspace/build/externals/build_googletest/CMakeFiles/CMakeTmp/CMakeFiles 1
Building C object CMakeFiles/cmTryCompileExec3226975435.dir/CheckFunctionExists.c.o
/usr/bin/cc   -DCHECK_FUNCTION_EXISTS=pthread_create   -o CMakeFiles/cmTryCompileExec3226975435.dir/CheckFunctionExists.c.o   -c /usr/share/cmake-2.8/Modules/CheckFunctionExists.c
Linking C executable cmTryCompileExec3226975435
/usr/bin/cmake -E cmake_link_script CMakeFiles/cmTryCompileExec3226975435.dir/link.txt --verbose=1
/usr/bin/cc   -DCHECK_FUNCTION_EXISTS=pthread_create    CMakeFiles/cmTryCompileExec3226975435.dir/CheckFunctionExists.c.o  -o cmTryCompileExec3226975435 -rdynamic -lpthreads 
/usr/bin/ld: cannot find -lpthreads
collect2: error: ld returned 1 exit status
make[1]: *** [cmTryCompileExec3226975435] Error 1
make[1]: Leaving directory `/home/ubuntu/workspace/build/externals/build_googletest/CMakeFiles/CMakeTmp'
make: *** [cmTryCompileExec3226975435/fast] Error 2


