This file contains any messages produced by compilers while
running configure, to aid debugging if configure makes a mistake.

It was created by sparsehash configure 1.12, which was
generated by GNU Autoconf 2.62.  Invocation command line was

  $ configure CFLAGS= -D_FILE_OFFSET_BITS=64 -fno-strict-aliasing -fasynchronous-unwind-tables -fno-omit-frame-pointer -fno-optimize-sibling-calls -fvisibility=hidden --disable-dependency-tracking

## --------- ##
## Platform. ##
## --------- ##

hostname = tester12-cvmfs-1615152
uname -m = x86_64
uname -r = 3.14.13-c9
uname -s = Linux
uname -v = #1 SMP Tue Aug 19 16:13:44 UTC 2014

/usr/bin/uname -p = unknown
/bin/uname -X     = unknown

/bin/arch              = unknown
/usr/bin/arch -k       = unknown
/usr/convex/getsysinfo = unknown
/usr/bin/hostinfo      = unknown
/bin/machine           = unknown
/usr/bin/oslevel       = unknown
/bin/universe          = unknown

PATH: /home/ubuntu/.nvm/v0.10.35/bin
PATH: /usr/local/rvm/gems/ruby-2.2.1/bin
PATH: /usr/local/rvm/gems/ruby-2.2.1@global/bin
PATH: /usr/local/rvm/rubies/ruby-2.2.1/bin
PATH: /mnt/shared/bin
PATH: /home/ubuntu/workspace/node_modules/.bin
PATH: /home/ubuntu/bin
PATH: /usr/local/sbin
PATH: /usr/local/bin
PATH: /usr/sbin
PATH: /usr/bin
PATH: /sbin
PATH: /bin
PATH: /mnt/shared/sbin
PATH: /opt/gitl
PATH: /opt/go/bin
PATH: /mnt/shared/c9/app.nw/bin
PATH: /usr/local/rvm/bin


## ----------- ##
## Core tests. ##
## ----------- ##

configure:1906: checking for a BSD-compatible install
configure:1974: result: /usr/bin/install -c
configure:1985: checking whether build environment is sane
configure:2028: result: yes
configure:2090: checking for gawk
configure:2106: found /usr/bin/gawk
configure:2117: result: gawk
configure:2128: checking whether make sets $(MAKE)
configure:2150: result: yes
configure:2396: checking for g++
configure:2412: found /usr/bin/g++
configure:2423: result: g++
configure:2454: checking for C++ compiler version
configure:2462: g++ --version >&5
g++ (Ubuntu 4.8.2-19ubuntu1) 4.8.2
Copyright (C) 2013 Free Software Foundation, Inc.
This is free software; see the source for copying conditions.  There is NO
warranty; not even for MERCHANTABILITY or FITNESS FOR A PARTICULAR PURPOSE.

configure:2466: $? = 0
configure:2473: g++ -v >&5
Using built-in specs.
COLLECT_GCC=g++
COLLECT_LTO_WRAPPER=/usr/lib/gcc/x86_64-linux-gnu/4.8/lto-wrapper
Target: x86_64-linux-gnu
Configured with: ../src/configure -v --with-pkgversion='Ubuntu 4.8.2-19ubuntu1' --with-bugurl=file:///usr/share/doc/gcc-4.8/README.Bugs --enable-languages=c,c++,java,go,d,fortran,objc,obj-c++ --prefix=/usr --program-suffix=-4.8 --enable-shared --enable-linker-build-id --libexecdir=/usr/lib --without-included-gettext --enable-threads=posix --with-gxx-include-dir=/usr/include/c++/4.8 --libdir=/usr/lib --enable-nls --with-sysroot=/ --enable-clocale=gnu --enable-libstdcxx-debug --enable-libstdcxx-time=yes --enable-gnu-unique-object --disable-libmudflap --enable-plugin --with-system-zlib --disable-browser-plugin --enable-java-awt=gtk --enable-gtk-cairo --with-java-home=/usr/lib/jvm/java-1.5.0-gcj-4.8-amd64/jre --enable-java-home --with-jvm-root-dir=/usr/lib/jvm/java-1.5.0-gcj-4.8-amd64 --with-jvm-jar-dir=/usr/lib/jvm-exports/java-1.5.0-gcj-4.8-amd64 --with-arch-directory=amd64 --with-ecj-jar=/usr/share/java/eclipse-ecj.jar --enable-objc-gc --enable-multiarch --disable-werror --with-arch-32=i686 --with-abi=m64 --with-multilib-list=m32,m64,mx32 --with-tune=generic --enable-checking=release --build=x86_64-linux-gnu --host=x86_64-linux-gnu --target=x86_64-linux-gnu
Thread model: posix
gcc version 4.8.2 (Ubuntu 4.8.2-19ubuntu1) 
configure:2477: $? = 0
configure:2484: g++ -V >&5
g++: error: unrecognized command line option '-V'
g++: fatal error: no input files
compilation terminated.
configure:2488: $? = 4
configure:2511: checking for C++ compiler default output file name
configure:2533: g++    conftest.cpp  >&5
configure:2537: $? = 0
configure:2575: result: a.out
configure:2592: checking whether the C++ compiler works
configure:2602: ./a.out
configure:2606: $? = 0
configure:2623: result: yes
configure:2630: checking whether we are cross compiling
configure:2632: result: no
configure:2635: checking for suffix of executables
configure:2642: g++ -o conftest    conftest.cpp  >&5
configure:2646: $? = 0
configure:2670: result: 
configure:2676: checking for suffix of object files
configure:2702: g++ -c   conftest.cpp >&5
configure:2706: $? = 0
configure:2729: result: o
configure:2733: checking whether we are using the GNU C++ compiler
configure:2762: g++ -c   conftest.cpp >&5
configure:2769: $? = 0
configure:2786: result: yes
configure:2795: checking whether g++ accepts -g
configure:2825: g++ -c -g  conftest.cpp >&5
configure:2832: $? = 0
configure:2933: result: yes
configure:2967: checking for style of include used by make
configure:2995: result: GNU
configure:3023: checking dependency style of g++
configure:3113: result: none
configure:3178: checking for gcc
configure:3194: found /usr/bin/gcc
configure:3205: result: gcc
configure:3443: checking for C compiler version
configure:3451: gcc --version >&5
gcc (Ubuntu 4.8.2-19ubuntu1) 4.8.2
Copyright (C) 2013 Free Software Foundation, Inc.
This is free software; see the source for copying conditions.  There is NO
warranty; not even for MERCHANTABILITY or FITNESS FOR A PARTICULAR PURPOSE.

configure:3455: $? = 0
configure:3462: gcc -v >&5
Using built-in specs.
COLLECT_GCC=gcc
COLLECT_LTO_WRAPPER=/usr/lib/gcc/x86_64-linux-gnu/4.8/lto-wrapper
Target: x86_64-linux-gnu
Configured with: ../src/configure -v --with-pkgversion='Ubuntu 4.8.2-19ubuntu1' --with-bugurl=file:///usr/share/doc/gcc-4.8/README.Bugs --enable-languages=c,c++,java,go,d,fortran,objc,obj-c++ --prefix=/usr --program-suffix=-4.8 --enable-shared --enable-linker-build-id --libexecdir=/usr/lib --without-included-gettext --enable-threads=posix --with-gxx-include-dir=/usr/include/c++/4.8 --libdir=/usr/lib --enable-nls --with-sysroot=/ --enable-clocale=gnu --enable-libstdcxx-debug --enable-libstdcxx-time=yes --enable-gnu-unique-object --disable-libmudflap --enable-plugin --with-system-zlib --disable-browser-plugin --enable-java-awt=gtk --enable-gtk-cairo --with-java-home=/usr/lib/jvm/java-1.5.0-gcj-4.8-amd64/jre --enable-java-home --with-jvm-root-dir=/usr/lib/jvm/java-1.5.0-gcj-4.8-amd64 --with-jvm-jar-dir=/usr/lib/jvm-exports/java-1.5.0-gcj-4.8-amd64 --with-arch-directory=amd64 --with-ecj-jar=/usr/share/java/eclipse-ecj.jar --enable-objc-gc --enable-multiarch --disable-werror --with-arch-32=i686 --with-abi=m64 --with-multilib-list=m32,m64,mx32 --with-tune=generic --enable-checking=release --build=x86_64-linux-gnu --host=x86_64-linux-gnu --target=x86_64-linux-gnu
Thread model: posix
gcc version 4.8.2 (Ubuntu 4.8.2-19ubuntu1) 
configure:3466: $? = 0
configure:3473: gcc -V >&5
gcc: error: unrecognized command line option '-V'
gcc: fatal error: no input files
compilation terminated.
configure:3477: $? = 4
configure:3480: checking whether we are using the GNU C compiler
configure:3509: gcc -c  -D_FILE_OFFSET_BITS=64 -fno-strict-aliasing -fasynchronous-unwind-tables -fno-omit-frame-pointer -fno-optimize-sibling-calls -fvisibility=hidden  conftest.c >&5
configure:3516: $? = 0
configure:3533: result: yes
configure:3542: checking whether gcc accepts -g
configure:3572: gcc -c -g  conftest.c >&5
configure:3579: $? = 0
configure:3680: result: yes
configure:3697: checking for gcc option to accept ISO C89
configure:3771: gcc  -c  -D_FILE_OFFSET_BITS=64 -fno-strict-aliasing -fasynchronous-unwind-tables -fno-omit-frame-pointer -fno-optimize-sibling-calls -fvisibility=hidden  conftest.c >&5
configure:3778: $? = 0
configure:3801: result: none needed
configure:3821: checking dependency style of gcc
configure:3911: result: none
configure:3933: checking how to run the C preprocessor
configure:3973: gcc -E  conftest.c
configure:3980: $? = 0
configure:4011: gcc -E  conftest.c
conftest.c:10:28: fatal error: ac_nonexistent.h: No such file or directory
 #include <ac_nonexistent.h>
                            ^
compilation terminated.
configure:4018: $? = 1
configure: failed program was:
| /* confdefs.h.  */
| #define PACKAGE_NAME "sparsehash"
| #define PACKAGE_TARNAME "sparsehash"
| #define PACKAGE_VERSION "1.12"
| #define PACKAGE_STRING "sparsehash 1.12"
| #define PACKAGE_BUGREPORT "opensource@google.com"
| #define PACKAGE "sparsehash"
| #define VERSION "1.12"
| /* end confdefs.h.  */
| #include <ac_nonexistent.h>
configure:4051: result: gcc -E
configure:4080: gcc -E  conftest.c
configure:4087: $? = 0
configure:4118: gcc -E  conftest.c
conftest.c:10:28: fatal error: ac_nonexistent.h: No such file or directory
 #include <ac_nonexistent.h>
                            ^
compilation terminated.
configure:4125: $? = 1
configure: failed program was:
| /* confdefs.h.  */
| #define PACKAGE_NAME "sparsehash"
| #define PACKAGE_TARNAME "sparsehash"
| #define PACKAGE_VERSION "1.12"
| #define PACKAGE_STRING "sparsehash 1.12"
| #define PACKAGE_BUGREPORT "opensource@google.com"
| #define PACKAGE "sparsehash"
| #define VERSION "1.12"
| /* end confdefs.h.  */
| #include <ac_nonexistent.h>
configure:4176: checking for grep that handles long lines and -e
configure:4236: result: /bin/grep
configure:4241: checking for egrep
configure:4305: result: /bin/grep -E
configure:4310: checking for ANSI C header files
configure:4340: gcc -c  -D_FILE_OFFSET_BITS=64 -fno-strict-aliasing -fasynchronous-unwind-tables -fno-omit-frame-pointer -fno-optimize-sibling-calls -fvisibility=hidden  conftest.c >&5
configure:4347: $? = 0
configure:4446: gcc -o conftest  -D_FILE_OFFSET_BITS=64 -fno-strict-aliasing -fasynchronous-unwind-tables -fno-omit-frame-pointer -fno-optimize-sibling-calls -fvisibility=hidden   conftest.c  >&5
configure:4450: $? = 0
configure:4456: ./conftest
configure:4460: $? = 0
configure:4478: result: yes
configure:4493: checking for memcpy
configure:4549: gcc -o conftest  -D_FILE_OFFSET_BITS=64 -fno-strict-aliasing -fasynchronous-unwind-tables -fno-omit-frame-pointer -fno-optimize-sibling-calls -fvisibility=hidden   conftest.c  >&5
conftest.c:34:6: warning: conflicting types for built-in function 'memcpy' [enabled by default]
 char memcpy ();
      ^
configure:4556: $? = 0
configure:4578: result: yes
configure:4493: checking for memmove
configure:4549: gcc -o conftest  -D_FILE_OFFSET_BITS=64 -fno-strict-aliasing -fasynchronous-unwind-tables -fno-omit-frame-pointer -fno-optimize-sibling-calls -fvisibility=hidden   conftest.c  >&5
conftest.c:35:6: warning: conflicting types for built-in function 'memmove' [enabled by default]
 char memmove ();
      ^
configure:4556: $? = 0
configure:4578: result: yes
configure:4603: checking for sys/types.h
configure:4624: gcc -c  -D_FILE_OFFSET_BITS=64 -fno-strict-aliasing -fasynchronous-unwind-tables -fno-omit-frame-pointer -fno-optimize-sibling-calls -fvisibility=hidden  conftest.c >&5
configure:4631: $? = 0
configure:4648: result: yes
configure:4603: checking for sys/stat.h
configure:4624: gcc -c  -D_FILE_OFFSET_BITS=64 -fno-strict-aliasing -fasynchronous-unwind-tables -fno-omit-frame-pointer -fno-optimize-sibling-calls -fvisibility=hidden  conftest.c >&5
configure:4631: $? = 0
configure:4648: result: yes
configure:4603: checking for stdlib.h
configure:4624: gcc -c  -D_FILE_OFFSET_BITS=64 -fno-strict-aliasing -fasynchronous-unwind-tables -fno-omit-frame-pointer -fno-optimize-sibling-calls -fvisibility=hidden  conftest.c >&5
configure:4631: $? = 0
configure:4648: result: yes
configure:4603: checking for string.h
configure:4624: gcc -c  -D_FILE_OFFSET_BITS=64 -fno-strict-aliasing -fasynchronous-unwind-tables -fno-omit-frame-pointer -fno-optimize-sibling-calls -fvisibility=hidden  conftest.c >&5
configure:4631: $? = 0
configure:4648: result: yes
configure:4603: checking for memory.h
configure:4624: gcc -c  -D_FILE_OFFSET_BITS=64 -fno-strict-aliasing -fasynchronous-unwind-tables -fno-omit-frame-pointer -fno-optimize-sibling-calls -fvisibility=hidden  conftest.c >&5
configure:4631: $? = 0
configure:4648: result: yes
configure:4603: checking for strings.h
configure:4624: gcc -c  -D_FILE_OFFSET_BITS=64 -fno-strict-aliasing -fasynchronous-unwind-tables -fno-omit-frame-pointer -fno-optimize-sibling-calls -fvisibility=hidden  conftest.c >&5
configure:4631: $? = 0
configure:4648: result: yes
configure:4603: checking for inttypes.h
configure:4624: gcc -c  -D_FILE_OFFSET_BITS=64 -fno-strict-aliasing -fasynchronous-unwind-tables -fno-omit-frame-pointer -fno-optimize-sibling-calls -fvisibility=hidden  conftest.c >&5
configure:4631: $? = 0
configure:4648: result: yes
configure:4603: checking for stdint.h
configure:4624: gcc -c  -D_FILE_OFFSET_BITS=64 -fno-strict-aliasing -fasynchronous-unwind-tables -fno-omit-frame-pointer -fno-optimize-sibling-calls -fvisibility=hidden  conftest.c >&5
configure:4631: $? = 0
configure:4648: result: yes
configure:4603: checking for unistd.h
configure:4624: gcc -c  -D_FILE_OFFSET_BITS=64 -fno-strict-aliasing -fasynchronous-unwind-tables -fno-omit-frame-pointer -fno-optimize-sibling-calls -fvisibility=hidden  conftest.c >&5
configure:4631: $? = 0
configure:4648: result: yes
configure:4661: checking for uint16_t
configure:4689: gcc -c  -D_FILE_OFFSET_BITS=64 -fno-strict-aliasing -fasynchronous-unwind-tables -fno-omit-frame-pointer -fno-optimize-sibling-calls -fvisibility=hidden  conftest.c >&5
configure:4696: $? = 0
configure:4723: gcc -c  -D_FILE_OFFSET_BITS=64 -fno-strict-aliasing -fasynchronous-unwind-tables -fno-omit-frame-pointer -fno-optimize-sibling-calls -fvisibility=hidden  conftest.c >&5
conftest.c: In function 'main':
conftest.c:58:23: error: expected expression before ')' token
 if (sizeof ((uint16_t)))
                       ^
configure:4730: $? = 1
configure: failed program was:
| /* confdefs.h.  */
| #define PACKAGE_NAME "sparsehash"
| #define PACKAGE_TARNAME "sparsehash"
| #define PACKAGE_VERSION "1.12"
| #define PACKAGE_STRING "sparsehash 1.12"
| #define PACKAGE_BUGREPORT "opensource@google.com"
| #define PACKAGE "sparsehash"
| #define VERSION "1.12"
| #define STDC_HEADERS 1
| #define HAVE_MEMCPY 1
| #define HAVE_MEMMOVE 1
| #define HAVE_SYS_TYPES_H 1
| #define HAVE_SYS_STAT_H 1
| #define HAVE_STDLIB_H 1
| #define HAVE_STRING_H 1
| #define HAVE_MEMORY_H 1
| #define HAVE_STRINGS_H 1
| #define HAVE_INTTYPES_H 1
| #define HAVE_STDINT_H 1
| #define HAVE_UNISTD_H 1
| /* end confdefs.h.  */
| #include <stdio.h>
| #ifdef HAVE_SYS_TYPES_H
| # include <sys/types.h>
| #endif
| #ifdef HAVE_SYS_STAT_H
| # include <sys/stat.h>
| #endif
| #ifdef STDC_HEADERS
| # include <stdlib.h>
| # include <stddef.h>
| #else
| # ifdef HAVE_STDLIB_H
| #  include <stdlib.h>
| # endif
| #endif
| #ifdef HAVE_STRING_H
| # if !defined STDC_HEADERS && defined HAVE_MEMORY_H
| #  include <memory.h>
| # endif
| # include <string.h>
| #endif
| #ifdef HAVE_STRINGS_H
| # include <strings.h>
| #endif
| #ifdef HAVE_INTTYPES_H
| # include <inttypes.h>
| #endif
| #ifdef HAVE_STDINT_H
| # include <stdint.h>
| #endif
| #ifdef HAVE_UNISTD_H
| # include <unistd.h>
| #endif
| int
| main ()
| {
| if (sizeof ((uint16_t)))
| 	  return 0;
|   ;
|   return 0;
| }
configure:4753: result: yes
configure:4764: checking for u_int16_t
configure:4792: gcc -c  -D_FILE_OFFSET_BITS=64 -fno-strict-aliasing -fasynchronous-unwind-tables -fno-omit-frame-pointer -fno-optimize-sibling-calls -fvisibility=hidden  conftest.c >&5
configure:4799: $? = 0
configure:4826: gcc -c  -D_FILE_OFFSET_BITS=64 -fno-strict-aliasing -fasynchronous-unwind-tables -fno-omit-frame-pointer -fno-optimize-sibling-calls -fvisibility=hidden  conftest.c >&5
conftest.c: In function 'main':
conftest.c:59:24: error: expected expression before ')' token
 if (sizeof ((u_int16_t)))
                        ^
configure:4833: $? = 1
configure: failed program was:
| /* confdefs.h.  */
| #define PACKAGE_NAME "sparsehash"
| #define PACKAGE_TARNAME "sparsehash"
| #define PACKAGE_VERSION "1.12"
| #define PACKAGE_STRING "sparsehash 1.12"
| #define PACKAGE_BUGREPORT "opensource@google.com"
| #define PACKAGE "sparsehash"
| #define VERSION "1.12"
| #define STDC_HEADERS 1
| #define HAVE_MEMCPY 1
| #define HAVE_MEMMOVE 1
| #define HAVE_SYS_TYPES_H 1
| #define HAVE_SYS_STAT_H 1
| #define HAVE_STDLIB_H 1
| #define HAVE_STRING_H 1
| #define HAVE_MEMORY_H 1
| #define HAVE_STRINGS_H 1
| #define HAVE_INTTYPES_H 1
| #define HAVE_STDINT_H 1
| #define HAVE_UNISTD_H 1
| #define HAVE_UINT16_T 1
| /* end confdefs.h.  */
| #include <stdio.h>
| #ifdef HAVE_SYS_TYPES_H
| # include <sys/types.h>
| #endif
| #ifdef HAVE_SYS_STAT_H
| # include <sys/stat.h>
| #endif
| #ifdef STDC_HEADERS
| # include <stdlib.h>
| # include <stddef.h>
| #else
| # ifdef HAVE_STDLIB_H
| #  include <stdlib.h>
| # endif
| #endif
| #ifdef HAVE_STRING_H
| # if !defined STDC_HEADERS && defined HAVE_MEMORY_H
| #  include <memory.h>
| # endif
| # include <string.h>
| #endif
| #ifdef HAVE_STRINGS_H
| # include <strings.h>
| #endif
| #ifdef HAVE_INTTYPES_H
| # include <inttypes.h>
| #endif
| #ifdef HAVE_STDINT_H
| # include <stdint.h>
| #endif
| #ifdef HAVE_UNISTD_H
| # include <unistd.h>
| #endif
| int
| main ()
| {
| if (sizeof ((u_int16_t)))
| 	  return 0;
|   ;
|   return 0;
| }
configure:4856: result: yes
configure:4867: checking for __uint16
configure:4895: gcc -c  -D_FILE_OFFSET_BITS=64 -fno-strict-aliasing -fasynchronous-unwind-tables -fno-omit-frame-pointer -fno-optimize-sibling-calls -fvisibility=hidden  conftest.c >&5
conftest.c: In function 'main':
conftest.c:60:13: error: '__uint16' undeclared (first use in this function)
 if (sizeof (__uint16))
             ^
conftest.c:60:13: note: each undeclared identifier is reported only once for each function it appears in
configure:4902: $? = 1
configure: failed program was:
| /* confdefs.h.  */
| #define PACKAGE_NAME "sparsehash"
| #define PACKAGE_TARNAME "sparsehash"
| #define PACKAGE_VERSION "1.12"
| #define PACKAGE_STRING "sparsehash 1.12"
| #define PACKAGE_BUGREPORT "opensource@google.com"
| #define PACKAGE "sparsehash"
| #define VERSION "1.12"
| #define STDC_HEADERS 1
| #define HAVE_MEMCPY 1
| #define HAVE_MEMMOVE 1
| #define HAVE_SYS_TYPES_H 1
| #define HAVE_SYS_STAT_H 1
| #define HAVE_STDLIB_H 1
| #define HAVE_STRING_H 1
| #define HAVE_MEMORY_H 1
| #define HAVE_STRINGS_H 1
| #define HAVE_INTTYPES_H 1
| #define HAVE_STDINT_H 1
| #define HAVE_UNISTD_H 1
| #define HAVE_UINT16_T 1
| #define HAVE_U_INT16_T 1
| /* end confdefs.h.  */
| #include <stdio.h>
| #ifdef HAVE_SYS_TYPES_H
| # include <sys/types.h>
| #endif
| #ifdef HAVE_SYS_STAT_H
| # include <sys/stat.h>
| #endif
| #ifdef STDC_HEADERS
| # include <stdlib.h>
| # include <stddef.h>
| #else
| # ifdef HAVE_STDLIB_H
| #  include <stdlib.h>
| # endif
| #endif
| #ifdef HAVE_STRING_H
| # if !defined STDC_HEADERS && defined HAVE_MEMORY_H
| #  include <memory.h>
| # endif
| # include <string.h>
| #endif
| #ifdef HAVE_STRINGS_H
| # include <strings.h>
| #endif
| #ifdef HAVE_INTTYPES_H
| # include <inttypes.h>
| #endif
| #ifdef HAVE_STDINT_H
| # include <stdint.h>
| #endif
| #ifdef HAVE_UNISTD_H
| # include <unistd.h>
| #endif
| int
| main ()
| {
| if (sizeof (__uint16))
|        return 0;
|   ;
|   return 0;
| }
configure:4959: result: no
configure:4970: checking for long long
configure:4998: gcc -c  -D_FILE_OFFSET_BITS=64 -fno-strict-aliasing -fasynchronous-unwind-tables -fno-omit-frame-pointer -fno-optimize-sibling-calls -fvisibility=hidden  conftest.c >&5
configure:5005: $? = 0
configure:5032: gcc -c  -D_FILE_OFFSET_BITS=64 -fno-strict-aliasing -fasynchronous-unwind-tables -fno-omit-frame-pointer -fno-optimize-sibling-calls -fvisibility=hidden  conftest.c >&5
conftest.c: In function 'main':
conftest.c:60:24: error: expected expression before ')' token
 if (sizeof ((long long)))
                        ^
configure:5039: $? = 1
configure: failed program was:
| /* confdefs.h.  */
| #define PACKAGE_NAME "sparsehash"
| #define PACKAGE_TARNAME "sparsehash"
| #define PACKAGE_VERSION "1.12"
| #define PACKAGE_STRING "sparsehash 1.12"
| #define PACKAGE_BUGREPORT "opensource@google.com"
| #define PACKAGE "sparsehash"
| #define VERSION "1.12"
| #define STDC_HEADERS 1
| #define HAVE_MEMCPY 1
| #define HAVE_MEMMOVE 1
| #define HAVE_SYS_TYPES_H 1
| #define HAVE_SYS_STAT_H 1
| #define HAVE_STDLIB_H 1
| #define HAVE_STRING_H 1
| #define HAVE_MEMORY_H 1
| #define HAVE_STRINGS_H 1
| #define HAVE_INTTYPES_H 1
| #define HAVE_STDINT_H 1
| #define HAVE_UNISTD_H 1
| #define HAVE_UINT16_T 1
| #define HAVE_U_INT16_T 1
| /* end confdefs.h.  */
| #include <stdio.h>
| #ifdef HAVE_SYS_TYPES_H
| # include <sys/types.h>
| #endif
| #ifdef HAVE_SYS_STAT_H
| # include <sys/stat.h>
| #endif
| #ifdef STDC_HEADERS
| # include <stdlib.h>
| # include <stddef.h>
| #else
| # ifdef HAVE_STDLIB_H
| #  include <stdlib.h>
| # endif
| #endif
| #ifdef HAVE_STRING_H
| # if !defined STDC_HEADERS && defined HAVE_MEMORY_H
| #  include <memory.h>
| # endif
| # include <string.h>
| #endif
| #ifdef HAVE_STRINGS_H
| # include <strings.h>
| #endif
| #ifdef HAVE_INTTYPES_H
| # include <inttypes.h>
| #endif
| #ifdef HAVE_STDINT_H
| # include <stdint.h>
| #endif
| #ifdef HAVE_UNISTD_H
| # include <unistd.h>
| #endif
| int
| main ()
| {
| if (sizeof ((long long)))
| 	  return 0;
|   ;
|   return 0;
| }
configure:5062: result: yes
configure:5094: checking sys/resource.h usability
configure:5111: gcc -c  -D_FILE_OFFSET_BITS=64 -fno-strict-aliasing -fasynchronous-unwind-tables -fno-omit-frame-pointer -fno-optimize-sibling-calls -fvisibility=hidden  conftest.c >&5
configure:5118: $? = 0
configure:5132: result: yes
configure:5136: checking sys/resource.h presence
configure:5151: gcc -E  conftest.c
configure:5158: $? = 0
configure:5172: result: yes
configure:5205: checking for sys/resource.h
configure:5214: result: yes
configure:5083: checking for unistd.h
configure:5090: result: yes
configure:5094: checking sys/time.h usability
configure:5111: gcc -c  -D_FILE_OFFSET_BITS=64 -fno-strict-aliasing -fasynchronous-unwind-tables -fno-omit-frame-pointer -fno-optimize-sibling-calls -fvisibility=hidden  conftest.c >&5
configure:5118: $? = 0
configure:5132: result: yes
configure:5136: checking sys/time.h presence
configure:5151: gcc -E  conftest.c
configure:5158: $? = 0
configure:5172: result: yes
configure:5205: checking for sys/time.h
configure:5214: result: yes
configure:5094: checking sys/utsname.h usability
configure:5111: gcc -c  -D_FILE_OFFSET_BITS=64 -fno-strict-aliasing -fasynchronous-unwind-tables -fno-omit-frame-pointer -fno-optimize-sibling-calls -fvisibility=hidden  conftest.c >&5
configure:5118: $? = 0
configure:5132: result: yes
configure:5136: checking sys/utsname.h presence
configure:5151: gcc -E  conftest.c
configure:5158: $? = 0
configure:5172: result: yes
configure:5205: checking for sys/utsname.h
configure:5214: result: yes
configure:5244: checking how to run the C++ preprocessor
configure:5280: g++ -E  conftest.cpp
configure:5287: $? = 0
configure:5318: g++ -E  conftest.cpp
conftest.cpp:29:28: fatal error: ac_nonexistent.h: No such file or directory
 #include <ac_nonexistent.h>
                            ^
compilation terminated.
configure:5325: $? = 1
configure: failed program was:
| /* confdefs.h.  */
| #define PACKAGE_NAME "sparsehash"
| #define PACKAGE_TARNAME "sparsehash"
| #define PACKAGE_VERSION "1.12"
| #define PACKAGE_STRING "sparsehash 1.12"
| #define PACKAGE_BUGREPORT "opensource@google.com"
| #define PACKAGE "sparsehash"
| #define VERSION "1.12"
| #define STDC_HEADERS 1
| #define HAVE_MEMCPY 1
| #define HAVE_MEMMOVE 1
| #define HAVE_SYS_TYPES_H 1
| #define HAVE_SYS_STAT_H 1
| #define HAVE_STDLIB_H 1
| #define HAVE_STRING_H 1
| #define HAVE_MEMORY_H 1
| #define HAVE_STRINGS_H 1
| #define HAVE_INTTYPES_H 1
| #define HAVE_STDINT_H 1
| #define HAVE_UNISTD_H 1
| #define HAVE_UINT16_T 1
| #define HAVE_U_INT16_T 1
| #define HAVE_LONG_LONG 1
| #define HAVE_SYS_RESOURCE_H 1
| #define HAVE_UNISTD_H 1
| #define HAVE_SYS_TIME_H 1
| #define HAVE_SYS_UTSNAME_H 1
| /* end confdefs.h.  */
| #include <ac_nonexistent.h>
configure:5358: result: g++ -E
configure:5387: g++ -E  conftest.cpp
configure:5394: $? = 0
configure:5425: g++ -E  conftest.cpp
conftest.cpp:29:28: fatal error: ac_nonexistent.h: No such file or directory
 #include <ac_nonexistent.h>
                            ^
compilation terminated.
configure:5432: $? = 1
configure: failed program was:
| /* confdefs.h.  */
| #define PACKAGE_NAME "sparsehash"
| #define PACKAGE_TARNAME "sparsehash"
| #define PACKAGE_VERSION "1.12"
| #define PACKAGE_STRING "sparsehash 1.12"
| #define PACKAGE_BUGREPORT "opensource@google.com"
| #define PACKAGE "sparsehash"
| #define VERSION "1.12"
| #define STDC_HEADERS 1
| #define HAVE_MEMCPY 1
| #define HAVE_MEMMOVE 1
| #define HAVE_SYS_TYPES_H 1
| #define HAVE_SYS_STAT_H 1
| #define HAVE_STDLIB_H 1
| #define HAVE_STRING_H 1
| #define HAVE_MEMORY_H 1
| #define HAVE_STRINGS_H 1
| #define HAVE_INTTYPES_H 1
| #define HAVE_STDINT_H 1
| #define HAVE_UNISTD_H 1
| #define HAVE_UINT16_T 1
| #define HAVE_U_INT16_T 1
| #define HAVE_LONG_LONG 1
| #define HAVE_SYS_RESOURCE_H 1
| #define HAVE_UNISTD_H 1
| #define HAVE_SYS_TIME_H 1
| #define HAVE_SYS_UTSNAME_H 1
| /* end confdefs.h.  */
| #include <ac_nonexistent.h>
configure:5486: checking google/malloc_extension.h usability
configure:5503: g++ -c -g -O2  conftest.cpp >&5
conftest.cpp:62:37: fatal error: google/malloc_extension.h: No such file or directory
 #include <google/malloc_extension.h>
                                     ^
compilation terminated.
configure:5510: $? = 1
configure: failed program was:
| /* confdefs.h.  */
| #define PACKAGE_NAME "sparsehash"
| #define PACKAGE_TARNAME "sparsehash"
| #define PACKAGE_VERSION "1.12"
| #define PACKAGE_STRING "sparsehash 1.12"
| #define PACKAGE_BUGREPORT "opensource@google.com"
| #define PACKAGE "sparsehash"
| #define VERSION "1.12"
| #define STDC_HEADERS 1
| #define HAVE_MEMCPY 1
| #define HAVE_MEMMOVE 1
| #define HAVE_SYS_TYPES_H 1
| #define HAVE_SYS_STAT_H 1
| #define HAVE_STDLIB_H 1
| #define HAVE_STRING_H 1
| #define HAVE_MEMORY_H 1
| #define HAVE_STRINGS_H 1
| #define HAVE_INTTYPES_H 1
| #define HAVE_STDINT_H 1
| #define HAVE_UNISTD_H 1
| #define HAVE_UINT16_T 1
| #define HAVE_U_INT16_T 1
| #define HAVE_LONG_LONG 1
| #define HAVE_SYS_RESOURCE_H 1
| #define HAVE_UNISTD_H 1
| #define HAVE_SYS_TIME_H 1
| #define HAVE_SYS_UTSNAME_H 1
| /* end confdefs.h.  */
| #include <stdio.h>
| #ifdef HAVE_SYS_TYPES_H
| # include <sys/types.h>
| #endif
| #ifdef HAVE_SYS_STAT_H
| # include <sys/stat.h>
| #endif
| #ifdef STDC_HEADERS
| # include <stdlib.h>
| # include <stddef.h>
| #else
| # ifdef HAVE_STDLIB_H
| #  include <stdlib.h>
| # endif
| #endif
| #ifdef HAVE_STRING_H
| # if !defined STDC_HEADERS && defined HAVE_MEMORY_H
| #  include <memory.h>
| # endif
| # include <string.h>
| #endif
| #ifdef HAVE_STRINGS_H
| # include <strings.h>
| #endif
| #ifdef HAVE_INTTYPES_H
| # include <inttypes.h>
| #endif
| #ifdef HAVE_STDINT_H
| # include <stdint.h>
| #endif
| #ifdef HAVE_UNISTD_H
| # include <unistd.h>
| #endif
| #include <google/malloc_extension.h>
configure:5524: result: no
configure:5528: checking google/malloc_extension.h presence
configure:5543: g++ -E  conftest.cpp
conftest.cpp:29:37: fatal error: google/malloc_extension.h: No such file or directory
 #include <google/malloc_extension.h>
                                     ^
compilation terminated.
configure:5550: $? = 1
configure: failed program was:
| /* confdefs.h.  */
| #define PACKAGE_NAME "sparsehash"
| #define PACKAGE_TARNAME "sparsehash"
| #define PACKAGE_VERSION "1.12"
| #define PACKAGE_STRING "sparsehash 1.12"
| #define PACKAGE_BUGREPORT "opensource@google.com"
| #define PACKAGE "sparsehash"
| #define VERSION "1.12"
| #define STDC_HEADERS 1
| #define HAVE_MEMCPY 1
| #define HAVE_MEMMOVE 1
| #define HAVE_SYS_TYPES_H 1
| #define HAVE_SYS_STAT_H 1
| #define HAVE_STDLIB_H 1
| #define HAVE_STRING_H 1
| #define HAVE_MEMORY_H 1
| #define HAVE_STRINGS_H 1
| #define HAVE_INTTYPES_H 1
| #define HAVE_STDINT_H 1
| #define HAVE_UNISTD_H 1
| #define HAVE_UINT16_T 1
| #define HAVE_U_INT16_T 1
| #define HAVE_LONG_LONG 1
| #define HAVE_SYS_RESOURCE_H 1
| #define HAVE_UNISTD_H 1
| #define HAVE_SYS_TIME_H 1
| #define HAVE_SYS_UTSNAME_H 1
| /* end confdefs.h.  */
| #include <google/malloc_extension.h>
configure:5564: result: no
configure:5597: checking for google/malloc_extension.h
configure:5606: result: no
configure:6585: checking whether the compiler implements namespaces
configure:6619: g++ -c -g -O2  conftest.cpp >&5
configure:6626: $? = 0
configure:6647: result: yes
configure:6657: checking the location of hash_map
configure:6693: g++ -c -g -O2  conftest.cpp >&5
configure:6700: $? = 0
configure:6740: g++ -c -g -O2  conftest.cpp >&5
In file included from /usr/include/c++/4.8/unordered_map:35:0,
                 from conftest.cpp:30:
/usr/include/c++/4.8/bits/c++0x_warning.h:32:2: error: #error This file requires compiler and library support for the ISO C++ 2011 standard. This support is currently experimental, and must be enabled with the -std=c++11 or -std=gnu++11 compiler options.
 #error This file requires compiler and library support for the \
  ^
conftest.cpp: In function 'int main()':
conftest.cpp:34:7: error: 'unordered_map' in namespace 'std' does not name a type
 const std::unordered_map<int, int> t;
       ^
conftest.cpp:35:33: error: 't' was not declared in this scope
                          return t.find(5) == t.end();
                                 ^
configure:6747: $? = 1
configure: failed program was:
| /* confdefs.h.  */
| #define PACKAGE_NAME "sparsehash"
| #define PACKAGE_TARNAME "sparsehash"
| #define PACKAGE_VERSION "1.12"
| #define PACKAGE_STRING "sparsehash 1.12"
| #define PACKAGE_BUGREPORT "opensource@google.com"
| #define PACKAGE "sparsehash"
| #define VERSION "1.12"
| #define STDC_HEADERS 1
| #define HAVE_MEMCPY 1
| #define HAVE_MEMMOVE 1
| #define HAVE_SYS_TYPES_H 1
| #define HAVE_SYS_STAT_H 1
| #define HAVE_STDLIB_H 1
| #define HAVE_STRING_H 1
| #define HAVE_MEMORY_H 1
| #define HAVE_STRINGS_H 1
| #define HAVE_INTTYPES_H 1
| #define HAVE_STDINT_H 1
| #define HAVE_UNISTD_H 1
| #define HAVE_UINT16_T 1
| #define HAVE_U_INT16_T 1
| #define HAVE_LONG_LONG 1
| #define HAVE_SYS_RESOURCE_H 1
| #define HAVE_UNISTD_H 1
| #define HAVE_SYS_TIME_H 1
| #define HAVE_SYS_UTSNAME_H 1
| #define HAVE_NAMESPACES 1
| /* end confdefs.h.  */
| #include <unordered_map>
| int
| main ()
| {
| const std::unordered_map<int, int> t;
|                          return t.find(5) == t.end();
|   ;
|   return 0;
| }
configure:6740: g++ -c -g -O2  conftest.cpp >&5
In file included from /usr/include/c++/4.8/unordered_map:35:0,
                 from conftest.cpp:30:
/usr/include/c++/4.8/bits/c++0x_warning.h:32:2: error: #error This file requires compiler and library support for the ISO C++ 2011 standard. This support is currently experimental, and must be enabled with the -std=c++11 or -std=gnu++11 compiler options.
 #error This file requires compiler and library support for the \
  ^
conftest.cpp: In function 'int main()':
conftest.cpp:34:7: error: 'tr1' in namespace 'std' does not name a type
 const std::tr1::unordered_map<int, int> t;
       ^
conftest.cpp:35:33: error: 't' was not declared in this scope
                          return t.find(5) == t.end();
                                 ^
configure:6747: $? = 1
configure: failed program was:
| /* confdefs.h.  */
| #define PACKAGE_NAME "sparsehash"
| #define PACKAGE_TARNAME "sparsehash"
| #define PACKAGE_VERSION "1.12"
| #define PACKAGE_STRING "sparsehash 1.12"
| #define PACKAGE_BUGREPORT "opensource@google.com"
| #define PACKAGE "sparsehash"
| #define VERSION "1.12"
| #define STDC_HEADERS 1
| #define HAVE_MEMCPY 1
| #define HAVE_MEMMOVE 1
| #define HAVE_SYS_TYPES_H 1
| #define HAVE_SYS_STAT_H 1
| #define HAVE_STDLIB_H 1
| #define HAVE_STRING_H 1
| #define HAVE_MEMORY_H 1
| #define HAVE_STRINGS_H 1
| #define HAVE_INTTYPES_H 1
| #define HAVE_STDINT_H 1
| #define HAVE_UNISTD_H 1
| #define HAVE_UINT16_T 1
| #define HAVE_U_INT16_T 1
| #define HAVE_LONG_LONG 1
| #define HAVE_SYS_RESOURCE_H 1
| #define HAVE_UNISTD_H 1
| #define HAVE_SYS_TIME_H 1
| #define HAVE_SYS_UTSNAME_H 1
| #define HAVE_NAMESPACES 1
| /* end confdefs.h.  */
| #include <unordered_map>
| int
| main ()
| {
| const std::tr1::unordered_map<int, int> t;
|                          return t.find(5) == t.end();
|   ;
|   return 0;
| }
configure:6740: g++ -c -g -O2  conftest.cpp >&5
conftest.cpp: In function 'int main()':
conftest.cpp:34:7: error: 'unordered_map' in namespace 'std' does not name a type
 const std::unordered_map<int, int> t;
       ^
conftest.cpp:35:33: error: 't' was not declared in this scope
                          return t.find(5) == t.end();
                                 ^
configure:6747: $? = 1
configure: failed program was:
| /* confdefs.h.  */
| #define PACKAGE_NAME "sparsehash"
| #define PACKAGE_TARNAME "sparsehash"
| #define PACKAGE_VERSION "1.12"
| #define PACKAGE_STRING "sparsehash 1.12"
| #define PACKAGE_BUGREPORT "opensource@google.com"
| #define PACKAGE "sparsehash"
| #define VERSION "1.12"
| #define STDC_HEADERS 1
| #define HAVE_MEMCPY 1
| #define HAVE_MEMMOVE 1
| #define HAVE_SYS_TYPES_H 1
| #define HAVE_SYS_STAT_H 1
| #define HAVE_STDLIB_H 1
| #define HAVE_STRING_H 1
| #define HAVE_MEMORY_H 1
| #define HAVE_STRINGS_H 1
| #define HAVE_INTTYPES_H 1
| #define HAVE_STDINT_H 1
| #define HAVE_UNISTD_H 1
| #define HAVE_UINT16_T 1
| #define HAVE_U_INT16_T 1
| #define HAVE_LONG_LONG 1
| #define HAVE_SYS_RESOURCE_H 1
| #define HAVE_UNISTD_H 1
| #define HAVE_SYS_TIME_H 1
| #define HAVE_SYS_UTSNAME_H 1
| #define HAVE_NAMESPACES 1
| /* end confdefs.h.  */
| #include <tr1/unordered_map>
| int
| main ()
| {
| const std::unordered_map<int, int> t;
|                          return t.find(5) == t.end();
|   ;
|   return 0;
| }
configure:6740: g++ -c -g -O2  conftest.cpp >&5
configure:6747: $? = 0
configure:6851: result: <tr1/unordered_map>
configure:6861: checking how to include hash_fun directly
configure:6897: g++ -c -g -O2  conftest.cpp >&5
conftest.cpp: In function 'int main()':
conftest.cpp:40:14: error: 'std::tr1' has not been declared
 int x = std::tr1::hash<int>()(5)
              ^
conftest.cpp:40:24: error: expected primary-expression before 'int'
 int x = std::tr1::hash<int>()(5)
                        ^
configure:6904: $? = 1
configure: failed program was:
| /* confdefs.h.  */
| #define PACKAGE_NAME "sparsehash"
| #define PACKAGE_TARNAME "sparsehash"
| #define PACKAGE_VERSION "1.12"
| #define PACKAGE_STRING "sparsehash 1.12"
| #define PACKAGE_BUGREPORT "opensource@google.com"
| #define PACKAGE "sparsehash"
| #define VERSION "1.12"
| #define STDC_HEADERS 1
| #define HAVE_MEMCPY 1
| #define HAVE_MEMMOVE 1
| #define HAVE_SYS_TYPES_H 1
| #define HAVE_SYS_STAT_H 1
| #define HAVE_STDLIB_H 1
| #define HAVE_STRING_H 1
| #define HAVE_MEMORY_H 1
| #define HAVE_STRINGS_H 1
| #define HAVE_INTTYPES_H 1
| #define HAVE_STDINT_H 1
| #define HAVE_UNISTD_H 1
| #define HAVE_UINT16_T 1
| #define HAVE_U_INT16_T 1
| #define HAVE_LONG_LONG 1
| #define HAVE_SYS_RESOURCE_H 1
| #define HAVE_UNISTD_H 1
| #define HAVE_SYS_TIME_H 1
| #define HAVE_SYS_UTSNAME_H 1
| #define HAVE_NAMESPACES 1
| #define HAVE_HASH_MAP 1
| #define HAVE_HASH_SET 1
| #define HASH_MAP_H <tr1/unordered_map>
| #define HASH_SET_H <tr1/unordered_set>
| #define HASH_NAMESPACE std::tr1
| #define HAVE_UNORDERED_MAP 1
| /* end confdefs.h.  */
| #include <functional>
| int
| main ()
| {
| int x = std::tr1::hash<int>()(5)
|   ;
|   return 0;
| }
configure:6897: g++ -c -g -O2  conftest.cpp >&5
configure:6904: $? = 0
configure:6936: result: <tr1/functional>
configure:7131: creating ./config.status

## ---------------------- ##
## Running config.status. ##
## ---------------------- ##

This file was extended by sparsehash config.status 1.12, which was
generated by GNU Autoconf 2.62.  Invocation command line was

  CONFIG_FILES    = 
  CONFIG_HEADERS  = 
  CONFIG_LINKS    = 
  CONFIG_COMMANDS = 
  $ ./config.status 

on tester12-cvmfs-1615152

config.status:811: creating Makefile
config.status:811: creating src/config.h
config.status:1078: executing depfiles commands

## ---------------- ##
## Cache variables. ##
## ---------------- ##

ac_cv_c_compiler_gnu=yes
ac_cv_cxx_compiler_gnu=yes
ac_cv_cxx_hash_map='<tr1/unordered_map>'
ac_cv_cxx_hash_namespace=std::tr1
ac_cv_cxx_hash_set='<tr1/unordered_set>'
ac_cv_cxx_have_unordered_map=yes
ac_cv_cxx_namespaces=yes
ac_cv_cxx_stl_hash_fun='<tr1/functional>'
ac_cv_env_CCC_set=
ac_cv_env_CCC_value=
ac_cv_env_CC_set=
ac_cv_env_CC_value=
ac_cv_env_CFLAGS_set=set
ac_cv_env_CFLAGS_value=' -D_FILE_OFFSET_BITS=64 -fno-strict-aliasing -fasynchronous-unwind-tables -fno-omit-frame-pointer -fno-optimize-sibling-calls -fvisibility=hidden'
ac_cv_env_CPPFLAGS_set=
ac_cv_env_CPPFLAGS_value=
ac_cv_env_CPP_set=
ac_cv_env_CPP_value=
ac_cv_env_CXXCPP_set=
ac_cv_env_CXXCPP_value=
ac_cv_env_CXXFLAGS_set=
ac_cv_env_CXXFLAGS_value=
ac_cv_env_CXX_set=
ac_cv_env_CXX_value=
ac_cv_env_LDFLAGS_set=
ac_cv_env_LDFLAGS_value=
ac_cv_env_LIBS_set=
ac_cv_env_LIBS_value=
ac_cv_env_build_alias_set=
ac_cv_env_build_alias_value=
ac_cv_env_host_alias_set=
ac_cv_env_host_alias_value=
ac_cv_env_target_alias_set=
ac_cv_env_target_alias_value=
ac_cv_func_memcpy=yes
ac_cv_func_memmove=yes
ac_cv_header_google_malloc_extension_h=no
ac_cv_header_inttypes_h=yes
ac_cv_header_memory_h=yes
ac_cv_header_stdc=yes
ac_cv_header_stdint_h=yes
ac_cv_header_stdlib_h=yes
ac_cv_header_string_h=yes
ac_cv_header_strings_h=yes
ac_cv_header_sys_resource_h=yes
ac_cv_header_sys_stat_h=yes
ac_cv_header_sys_time_h=yes
ac_cv_header_sys_types_h=yes
ac_cv_header_sys_utsname_h=yes
ac_cv_header_unistd_h=yes
ac_cv_objext=o
ac_cv_path_EGREP='/bin/grep -E'
ac_cv_path_GREP=/bin/grep
ac_cv_path_install='/usr/bin/install -c'
ac_cv_prog_AWK=gawk
ac_cv_prog_CPP='gcc -E'
ac_cv_prog_CXXCPP='g++ -E'
ac_cv_prog_ac_ct_CC=gcc
ac_cv_prog_ac_ct_CXX=g++
ac_cv_prog_cc_c89=
ac_cv_prog_cc_g=yes
ac_cv_prog_cxx_g=yes
ac_cv_prog_make_make_set=yes
ac_cv_type___uint16=no
ac_cv_type_long_long=yes
ac_cv_type_u_int16_t=yes
ac_cv_type_uint16_t=yes
am_cv_CC_dependencies_compiler_type=none
am_cv_CXX_dependencies_compiler_type=none

## ----------------- ##
## Output variables. ##
## ----------------- ##

ACLOCAL='${SHELL} /home/ubuntu/workspace/build/externals/build_sparsehash/missing --run aclocal-1.9'
AMDEPBACKSLASH=''
AMDEP_FALSE=''
AMDEP_TRUE='#'
AMTAR='${SHELL} /home/ubuntu/workspace/build/externals/build_sparsehash/missing --run tar'
AUTOCONF='${SHELL} /home/ubuntu/workspace/build/externals/build_sparsehash/missing --run autoconf'
AUTOHEADER='${SHELL} /home/ubuntu/workspace/build/externals/build_sparsehash/missing --run autoheader'
AUTOMAKE='${SHELL} /home/ubuntu/workspace/build/externals/build_sparsehash/missing --run automake-1.9'
AWK='gawk'
CC='gcc'
CCDEPMODE='depmode=none'
CFLAGS=' -D_FILE_OFFSET_BITS=64 -fno-strict-aliasing -fasynchronous-unwind-tables -fno-omit-frame-pointer -fno-optimize-sibling-calls -fvisibility=hidden'
CPP='gcc -E'
CPPFLAGS=''
CXX='g++'
CXXCPP='g++ -E'
CXXDEPMODE='depmode=none'
CXXFLAGS='-g -O2'
CYGPATH_W='echo'
DEFS='-DHAVE_CONFIG_H'
DEPDIR='.deps'
ECHO_C=''
ECHO_N='-n'
ECHO_T=''
EGREP='/bin/grep -E'
EXEEXT=''
GCC_FALSE='#'
GCC_TRUE=''
GREP='/bin/grep'
INSTALL_DATA='${INSTALL} -m 644'
INSTALL_PROGRAM='${INSTALL}'
INSTALL_SCRIPT='${INSTALL}'
INSTALL_STRIP_PROGRAM='${SHELL} $(install_sh) -c -s'
LDFLAGS=''
LIBOBJS=''
LIBS=''
LTLIBOBJS=''
MAKEINFO='${SHELL} /home/ubuntu/workspace/build/externals/build_sparsehash/missing --run makeinfo'
OBJEXT='o'
PACKAGE='sparsehash'
PACKAGE_BUGREPORT='opensource@google.com'
PACKAGE_NAME='sparsehash'
PACKAGE_STRING='sparsehash 1.12'
PACKAGE_TARNAME='sparsehash'
PACKAGE_VERSION='1.12'
PATH_SEPARATOR=':'
PTHREAD_CC=''
PTHREAD_CFLAGS=''
PTHREAD_LIBS=''
SET_MAKE=''
SHELL='/bin/bash'
STRIP=''
VERSION='1.12'
ac_ct_CC='gcc'
ac_ct_CXX='g++'
acx_pthread_config=''
am__fastdepCC_FALSE=''
am__fastdepCC_TRUE='#'
am__fastdepCXX_FALSE=''
am__fastdepCXX_TRUE='#'
am__include='include'
am__leading_dot='.'
am__quote=''
am__tar='${AMTAR} chof - "$$tardir"'
am__untar='${AMTAR} xf -'
bindir='${exec_prefix}/bin'
build=''
build_alias=''
build_cpu=''
build_os=''
build_vendor=''
datadir='${datarootdir}'
datarootdir='${prefix}/share'
docdir='${datarootdir}/doc/${PACKAGE_TARNAME}'
dvidir='${docdir}'
exec_prefix='${prefix}'
host=''
host_alias=''
host_cpu=''
host_os=''
host_vendor=''
htmldir='${docdir}'
includedir='${prefix}/include'
infodir='${datarootdir}/info'
install_sh='/home/ubuntu/workspace/build/externals/build_sparsehash/install-sh'
libdir='${exec_prefix}/lib'
libexecdir='${exec_prefix}/libexec'
localedir='${datarootdir}/locale'
localstatedir='${prefix}/var'
mandir='${datarootdir}/man'
mkdir_p='mkdir -p --'
oldincludedir='/usr/include'
pdfdir='${docdir}'
prefix='/usr/local'
program_transform_name='s,x,x,'
psdir='${docdir}'
sbindir='${exec_prefix}/sbin'
sharedstatedir='${prefix}/com'
sysconfdir='${prefix}/etc'
target_alias=''
tcmalloc_flags=''
tcmalloc_libs=''

## ----------- ##
## confdefs.h. ##
## ----------- ##

#define PACKAGE_NAME "sparsehash"
#define PACKAGE_TARNAME "sparsehash"
#define PACKAGE_VERSION "1.12"
#define PACKAGE_STRING "sparsehash 1.12"
#define PACKAGE_BUGREPORT "opensource@google.com"
#define PACKAGE "sparsehash"
#define VERSION "1.12"
#define STDC_HEADERS 1
#define HAVE_MEMCPY 1
#define HAVE_MEMMOVE 1
#define HAVE_SYS_TYPES_H 1
#define HAVE_SYS_STAT_H 1
#define HAVE_STDLIB_H 1
#define HAVE_STRING_H 1
#define HAVE_MEMORY_H 1
#define HAVE_STRINGS_H 1
#define HAVE_INTTYPES_H 1
#define HAVE_STDINT_H 1
#define HAVE_UNISTD_H 1
#define HAVE_UINT16_T 1
#define HAVE_U_INT16_T 1
#define HAVE_LONG_LONG 1
#define HAVE_SYS_RESOURCE_H 1
#define HAVE_UNISTD_H 1
#define HAVE_SYS_TIME_H 1
#define HAVE_SYS_UTSNAME_H 1
#define HAVE_NAMESPACES 1
#define HAVE_HASH_MAP 1
#define HAVE_HASH_SET 1
#define HASH_MAP_H <tr1/unordered_map>
#define HASH_SET_H <tr1/unordered_set>
#define HASH_NAMESPACE std::tr1
#define HAVE_UNORDERED_MAP 1
#define HASH_FUN_H <tr1/functional>
#define HASH_NAMESPACE std::tr1
#define GOOGLE_NAMESPACE ::google
#define _START_GOOGLE_NAMESPACE_ namespace google {
#define _END_GOOGLE_NAMESPACE_ }
#define SPARSEHASH_HASH_NO_NAMESPACE hash
#define SPARSEHASH_HASH HASH_NAMESPACE::hash

configure: exit 0
